[    0.000000] Initializing cgroup subsys cpuset
[    0.000000] Initializing cgroup subsys cpu
[    0.000000] Initializing cgroup subsys cpuacct
[    0.000000] Linux version 4.4.0-201-generic (buildd@lgw01-amd64-044) (gcc version 5.4.0 20160609 (Ubuntu 5.4.0-6ubuntu1~16.04.12) ) #233-Ubuntu SMP Thu Jan 14 06:10:28 UTC 2021 (Ubuntu 4.4.0-201.233-generic 4.4.247)
[    0.000000] Command line: BOOT_IMAGE=/boot/vmlinuz-4.4.0-201-generic root=UUID=eb8ced58-2821-46d2-9d52-1304b6c8c43c ro console=tty1 console=ttyS0
[    0.000000] KERNEL supported cpus:
[    0.000000]   Intel GenuineIntel
[    0.000000]   AMD AuthenticAMD
[    0.000000]   Centaur CentaurHauls
[    0.000000] x86/fpu: xstate_offset[2]:  576, xstate_sizes[2]:  256
[    0.000000] x86/fpu: Supporting XSAVE feature 0x01: 'x87 floating point registers'
[    0.000000] x86/fpu: Supporting XSAVE feature 0x02: 'SSE registers'
[    0.000000] x86/fpu: Supporting XSAVE feature 0x04: 'AVX registers'
[    0.000000] x86/fpu: Enabled xstate features 0x7, context size is 832 bytes, using 'standard' format.
[    0.000000] e820: BIOS-provided physical RAM map:
[    0.000000] BIOS-e820: [mem 0x0000000000000000-0x000000000009fbff] usable
[    0.000000] BIOS-e820: [mem 0x000000000009fc00-0x000000000009ffff] reserved
[    0.000000] BIOS-e820: [mem 0x00000000000f0000-0x00000000000fffff] reserved
[    0.000000] BIOS-e820: [mem 0x0000000000100000-0x00000000dffeffff] usable
[    0.000000] BIOS-e820: [mem 0x00000000dfff0000-0x00000000dfffffff] ACPI data
[    0.000000] BIOS-e820: [mem 0x00000000fec00000-0x00000000fec00fff] reserved
[    0.000000] BIOS-e820: [mem 0x00000000fee00000-0x00000000fee00fff] reserved
[    0.000000] BIOS-e820: [mem 0x00000000fffc0000-0x00000000ffffffff] reserved
[    0.000000] BIOS-e820: [mem 0x0000000100000000-0x000000011fffffff] usable
[    0.000000] NX (Execute Disable) protection: active
[    0.000000] SMBIOS 2.5 present.
[    0.000000] Hypervisor detected: KVM
[    0.000000] e820: last_pfn = 0x120000 max_arch_pfn = 0x400000000
[    0.000000] MTRR: Disabled
[    0.000000] x86/PAT: MTRRs disabled, skipping PAT initialization too.
[    0.000000] CPU MTRRs all blank - virtualized system.
[    0.000000] x86/PAT: Configuration [0-7]: WB  WT  UC- UC  WB  WT  UC- UC  
[    0.000000] e820: last_pfn = 0xdfff0 max_arch_pfn = 0x400000000
[    0.000000] found SMP MP-table at [mem 0x0009fff0-0x0009ffff] mapped at [ffff88000009fff0]
[    0.000000] Scanning 1 areas for low memory corruption
[    0.000000] RAMDISK: [mem 0x361c8000-0x370dbfff]
[    0.000000] ACPI: Early table checksum verification disabled
[    0.000000] ACPI: RSDP 0x00000000000E0000 000024 (v02 VBOX  )
[    0.000000] ACPI: XSDT 0x00000000DFFF0030 00003C (v01 VBOX   VBOXXSDT 00000001 ASL  00000061)
[    0.000000] ACPI: FACP 0x00000000DFFF00F0 0000F4 (v04 VBOX   VBOXFACP 00000001 ASL  00000061)
[    0.000000] ACPI: DSDT 0x00000000DFFF0480 002325 (v02 VBOX   VBOXBIOS 00000002 INTL 20120111)
[    0.000000] ACPI: FACS 0x00000000DFFF0200 000040
[    0.000000] ACPI: FACS 0x00000000DFFF0200 000040
[    0.000000] ACPI: APIC 0x00000000DFFF0240 00006C (v02 VBOX   VBOXAPIC 00000001 ASL  00000061)
[    0.000000] ACPI: SSDT 0x00000000DFFF02B0 0001CC (v01 VBOX   VBOXCPUT 00000002 INTL 20120111)
[    0.000000] No NUMA configuration found
[    0.000000] Faking a node at [mem 0x0000000000000000-0x000000011fffffff]
[    0.000000] NODE_DATA(0) allocated [mem 0x11fff7000-0x11fffbfff]
[    0.000000] kvm-clock: Using msrs 4b564d01 and 4b564d00
[    0.000000] kvm-clock: cpu 0, msr 1:1ffef001, primary cpu clock
[    0.000000] kvm-clock: using sched offset of 8141021758 cycles
[    0.000000] clocksource: kvm-clock: mask: 0xffffffffffffffff max_cycles: 0x1cd42e4dffb, max_idle_ns: 881590591483 ns
[    0.000000] Zone ranges:
[    0.000000]   DMA      [mem 0x0000000000001000-0x0000000000ffffff]
[    0.000000]   DMA32    [mem 0x0000000001000000-0x00000000ffffffff]
[    0.000000]   Normal   [mem 0x0000000100000000-0x000000011fffffff]
[    0.000000]   Device   empty
[    0.000000] Movable zone start for each node
[    0.000000] Early memory node ranges
[    0.000000]   node   0: [mem 0x0000000000001000-0x000000000009efff]
[    0.000000]   node   0: [mem 0x0000000000100000-0x00000000dffeffff]
[    0.000000]   node   0: [mem 0x0000000100000000-0x000000011fffffff]
[    0.000000] Initmem setup node 0 [mem 0x0000000000001000-0x000000011fffffff]
[    0.000000] ACPI: PM-Timer IO Port: 0x4008
[    0.000000] IOAPIC[0]: apic_id 4, version 32, address 0xfec00000, GSI 0-23
[    0.000000] ACPI: INT_SRC_OVR (bus 0 bus_irq 0 global_irq 2 dfl dfl)
[    0.000000] ACPI: INT_SRC_OVR (bus 0 bus_irq 9 global_irq 9 low level)
[    0.000000] Using ACPI (MADT) for SMP configuration information
[    0.000000] smpboot: Allowing 4 CPUs, 0 hotplug CPUs
[    0.000000] PM: Registered nosave memory: [mem 0x00000000-0x00000fff]
[    0.000000] PM: Registered nosave memory: [mem 0x0009f000-0x0009ffff]
[    0.000000] PM: Registered nosave memory: [mem 0x000a0000-0x000effff]
[    0.000000] PM: Registered nosave memory: [mem 0x000f0000-0x000fffff]
[    0.000000] PM: Registered nosave memory: [mem 0xdfff0000-0xdfffffff]
[    0.000000] PM: Registered nosave memory: [mem 0xe0000000-0xfebfffff]
[    0.000000] PM: Registered nosave memory: [mem 0xfec00000-0xfec00fff]
[    0.000000] PM: Registered nosave memory: [mem 0xfec01000-0xfedfffff]
[    0.000000] PM: Registered nosave memory: [mem 0xfee00000-0xfee00fff]
[    0.000000] PM: Registered nosave memory: [mem 0xfee01000-0xfffbffff]
[    0.000000] PM: Registered nosave memory: [mem 0xfffc0000-0xffffffff]
[    0.000000] e820: [mem 0xe0000000-0xfebfffff] available for PCI devices
[    0.000000] Booting paravirtualized kernel on KVM
[    0.000000] clocksource: refined-jiffies: mask: 0xffffffff max_cycles: 0xffffffff, max_idle_ns: 7645519600211568 ns
[    0.000000] setup_percpu: NR_CPUS:512 nr_cpumask_bits:512 nr_cpu_ids:4 nr_node_ids:1
[    0.000000] PERCPU: Embedded 33 pages/cpu @ffff88011fc00000 s95640 r8192 d31336 u524288
[    0.000000] Built 1 zonelists in Node order, mobility grouping on.  Total pages: 1032056
[    0.000000] Policy zone: Normal
[    0.000000] Kernel command line: BOOT_IMAGE=/boot/vmlinuz-4.4.0-201-generic root=UUID=eb8ced58-2821-46d2-9d52-1304b6c8c43c ro console=tty1 console=ttyS0
[    0.000000] PID hash table entries: 4096 (order: 3, 32768 bytes)
[    0.000000] Memory: 4027352K/4193848K available (8641K kernel code, 1337K rwdata, 4044K rodata, 1492K init, 1296K bss, 166496K reserved, 0K cma-reserved)
[    0.000000] SLUB: HWalign=64, Order=0-3, MinObjects=0, CPUs=4, Nodes=1
[    0.000000] Kernel/User page tables isolation: enabled
[    0.000000] Hierarchical RCU implementation.
[    0.000000] 	Build-time adjustment of leaf fanout to 64.
[    0.000000] 	RCU restricting CPUs from NR_CPUS=512 to nr_cpu_ids=4.
[    0.000000] RCU: Adjusting geometry for rcu_fanout_leaf=64, nr_cpu_ids=4
[    0.000000] NR_IRQS:33024 nr_irqs:456 16
[    0.000000] Console: colour VGA+ 80x25
[    0.000000] console [tty1] enabled
[    0.000000] console [ttyS0] enabled
[    0.000000] tsc: Detected 1992.000 MHz processor
[    0.421773] Calibrating delay loop (skipped) preset value.. 3984.00 BogoMIPS (lpj=7968000)
[    0.424883] pid_max: default: 32768 minimum: 301
[    0.426597] ACPI: Core revision 20150930
[    0.428656] ACPI: 2 ACPI AML tables successfully acquired and loaded
[    0.432680] Security Framework initialized
[    0.433902] Yama: becoming mindful.
[    0.435005] AppArmor: AppArmor initialized
[    0.438390] Dentry cache hash table entries: 524288 (order: 10, 4194304 bytes)
[    0.444265] Inode-cache hash table entries: 262144 (order: 9, 2097152 bytes)
[    0.448996] Mount-cache hash table entries: 8192 (order: 4, 65536 bytes)
[    0.451013] Mountpoint-cache hash table entries: 8192 (order: 4, 65536 bytes)
[    0.454375] Initializing cgroup subsys io
[    0.456045] Initializing cgroup subsys memory
[    0.457333] Initializing cgroup subsys devices
[    0.458557] Initializing cgroup subsys freezer
[    0.459768] Initializing cgroup subsys net_cls
[    0.461064] Initializing cgroup subsys perf_event
[    0.462689] Initializing cgroup subsys net_prio
[    0.466090] Initializing cgroup subsys hugetlb
[    0.467744] Initializing cgroup subsys pids
[    0.481020] mce: CPU supports 0 MCE banks
[    0.483382] Last level iTLB entries: 4KB 64, 2MB 8, 4MB 8
[    0.485137] Last level dTLB entries: 4KB 64, 2MB 0, 4MB 0, 1GB 4
[    0.487412] Spectre V1 : Mitigation: usercopy/swapgs barriers and __user pointer sanitization
[    0.489794] Spectre V2 : Mitigation: Full generic retpoline
[    0.491278] Spectre V2 : Spectre v2 / SpectreRSB mitigation: Filling RSB on context switch
[    0.493583] Speculative Store Bypass: Vulnerable
[    0.495031] SRBDS: Unknown: Dependent on hypervisor status
[    0.497021] MDS: Mitigation: Clear CPU buffers
[    0.502605] Freeing SMP alternatives memory: 36K
[    0.512040] ftrace: allocating 32361 entries in 127 pages
[    0.582832] smpboot: APIC(0) Converting physical 0 to logical package 0
[    0.585346] smpboot: Max logical packages: 1
[    0.587398] x2apic enabled
[    0.588775] Switched APIC routing to physical x2apic.
[    0.591275] ..TIMER: vector=0x30 apic1=0 pin1=2 apic2=-1 pin2=-1
[    0.701062] smpboot: CPU0: Intel(R) Core(TM) i5-6360U CPU @ 2.00GHz (family: 0x6, model: 0x4e, stepping: 0x3)
[    0.705678] Performance Events: unsupported p6 CPU model 78 no PMU driver, software events only.
[    0.721113] KVM setup paravirtual spinlock
[    0.723782] x86: Booting SMP configuration:
[    0.725404] .... node  #0, CPUs:      #1
[    0.727102] kvm-clock: cpu 1, msr 1:1ffef041, secondary cpu clock
[    0.740571] mce: CPU supports 0 MCE banks
[    0.743592]  #2
[    0.744447] kvm-clock: cpu 2, msr 1:1ffef081, secondary cpu clock
[    0.758516] mce: CPU supports 0 MCE banks
[    0.762655]  #3
[    0.765987] kvm-clock: cpu 3, msr 1:1ffef0c1, secondary cpu clock
[    0.778918] mce: CPU supports 0 MCE banks
[    0.783885] x86: Booted up 1 node, 4 CPUs
[    0.785909] smpboot: Total of 4 processors activated (15936.00 BogoMIPS)
[    0.789220] devtmpfs: initialized
[    0.794029] evm: security.selinux
[    0.795621] evm: security.SMACK64
[    0.798353] evm: security.SMACK64EXEC
[    0.799891] evm: security.SMACK64TRANSMUTE
[    0.801088] evm: security.SMACK64MMAP
[    0.802134] evm: security.ima
[    0.803053] evm: security.capability
[    0.806043] clocksource: jiffies: mask: 0xffffffff max_cycles: 0xffffffff, max_idle_ns: 7645041785100000 ns
[    0.809831] futex hash table entries: 1024 (order: 4, 65536 bytes)
[    0.811907] pinctrl core: initialized pinctrl subsystem
[    0.815169] RTC time:  6:26:21, date: 02/24/21
[    0.817208] NET: Registered protocol family 16
[    0.829591] cpuidle: using governor ladder
[    0.842218] cpuidle: using governor menu
[    0.844268] PCCT header not found.
[    0.845863] ACPI: bus type PCI registered
[    0.849048] acpiphp: ACPI Hot Plug PCI Controller Driver version: 0.5
[    0.850961] PCI: Using configuration type 1 for base access
[    0.869369] ACPI: Added _OSI(Module Device)
[    0.871249] ACPI: Added _OSI(Processor Device)
[    0.872888] ACPI: Added _OSI(3.0 _SCP Extensions)
[    0.874215] ACPI: Added _OSI(Processor Aggregator Device)
[    0.876753] ACPI: Executed 1 blocks of module-level executable AML code
[    0.881443] ACPI: Interpreter enabled
[    0.883015] ACPI: (supports S0 S5)
[    0.884592] ACPI: Using IOAPIC for interrupt routing
[    0.886215] PCI: Using host bridge windows from ACPI; if necessary, use "pci=nocrs" and report a bug
[    0.894538] ACPI: PCI Root Bridge [PCI0] (domain 0000 [bus 00-ff])
[    0.897278] acpi PNP0A03:00: _OSC: OS supports [ASPM ClockPM Segments MSI]
[    0.901659] acpi PNP0A03:00: _OSC: not requesting OS control; OS requires [ExtendedConfig ASPM ClockPM MSI]
[    0.905528] acpi PNP0A03:00: fail to add MMCONFIG information, can't access extended PCI configuration space under this bridge.
[    0.919764] PCI host bridge to bus 0000:00
[    0.921327] pci_bus 0000:00: root bus resource [io  0x0000-0x0cf7 window]
[    0.923065] pci_bus 0000:00: root bus resource [io  0x0d00-0xffff window]
[    0.925518] pci_bus 0000:00: root bus resource [mem 0x000a0000-0x000bffff window]
[    0.927628] pci_bus 0000:00: root bus resource [mem 0xe0000000-0xfdffffff window]
[    0.931090] pci_bus 0000:00: root bus resource [bus 00-ff]
[    0.936367] pci 0000:00:01.1: legacy IDE quirk: reg 0x10: [io  0x01f0-0x01f7]
[    0.939175] pci 0000:00:01.1: legacy IDE quirk: reg 0x14: [io  0x03f6]
[    0.941037] pci 0000:00:01.1: legacy IDE quirk: reg 0x18: [io  0x0170-0x0177]
[    0.942992] pci 0000:00:01.1: legacy IDE quirk: reg 0x1c: [io  0x0376]
[    0.980258] pci 0000:00:07.0: quirk: [io  0x4000-0x403f] claimed by PIIX4 ACPI
[    0.984657] pci 0000:00:07.0: quirk: [io  0x4100-0x410f] claimed by PIIX4 SMB
[    0.999452] ACPI: PCI Interrupt Link [LNKA] (IRQs 5 9 10 *11)
[    1.002059] ACPI: PCI Interrupt Link [LNKB] (IRQs 5 9 *10 11)
[    1.005296] ACPI: PCI Interrupt Link [LNKC] (IRQs 5 *9 10 11)
[    1.007740] ACPI: PCI Interrupt Link [LNKD] (IRQs 5 9 10 *11)
[    1.009878] ACPI: Enabled 2 GPEs in block 00 to 07
[    1.011658] vgaarb: setting as boot device: PCI:0000:00:02.0
[    1.014410] vgaarb: device added: PCI:0000:00:02.0,decodes=io+mem,owns=io+mem,locks=none
[    1.017135] vgaarb: loaded
[    1.018086] vgaarb: bridge control possible 0000:00:02.0
[    1.019886] SCSI subsystem initialized
[    1.021355] ACPI: bus type USB registered
[    1.022882] usbcore: registered new interface driver usbfs
[    1.024814] usbcore: registered new interface driver hub
[    1.026564] usbcore: registered new device driver usb
[    1.028488] PCI: Using ACPI for IRQ routing
[    1.030444] NetLabel: Initializing
[    1.032558] NetLabel:  domain hash size = 128
[    1.034095] NetLabel:  protocols = UNLABELED CIPSOv4
[    1.035615] NetLabel:  unlabeled traffic allowed by default
[    1.038314] amd_nb: Cannot enumerate AMD northbridges
[    1.041565] clocksource: Switched to clocksource kvm-clock
[    1.052391] AppArmor: AppArmor Filesystem Enabled
[    1.054786] pnp: PnP ACPI init
[    1.058409] pnp: PnP ACPI: found 3 devices
[    1.074320] clocksource: acpi_pm: mask: 0xffffff max_cycles: 0xffffff, max_idle_ns: 2085701024 ns
[    1.077754] NET: Registered protocol family 2
[    1.079333] TCP established hash table entries: 32768 (order: 6, 262144 bytes)
[    1.083574] TCP bind hash table entries: 32768 (order: 7, 524288 bytes)
[    1.087134] TCP: Hash tables configured (established 32768 bind 32768)
[    1.089400] UDP hash table entries: 2048 (order: 4, 65536 bytes)
[    1.091012] UDP-Lite hash table entries: 2048 (order: 4, 65536 bytes)
[    1.092723] NET: Registered protocol family 1
[    1.093936] pci 0000:00:00.0: Limiting direct PCI/PCI transfers
[    1.095734] pci 0000:00:01.0: Activating ISA DMA hang workarounds
[    1.099686] Unpacking initramfs...
[    1.477680] Freeing initrd memory: 15440K
[    1.479482] PCI-DMA: Using software bounce buffering for IO (SWIOTLB)
[    1.483145] software IO TLB: mapped [mem 0xdbff0000-0xdfff0000] (64MB)
[    1.485671] clocksource: tsc: mask: 0xffffffffffffffff max_cycles: 0x396d519840e, max_idle_ns: 881590569543 ns
[    1.489459] platform rtc_cmos: registered platform RTC device (no PNP device found)
[    1.491980] Scanning for low memory corruption every 60 seconds
[    1.494547] audit: initializing netlink subsys (disabled)
[    1.496462] audit: type=2000 audit(1614147992.311:1): initialized
[    1.500338] Initialise system trusted keyring
[    1.502361] HugeTLB registered 2 MB page size, pre-allocated 0 pages
[    1.506914] zbud: loaded
[    1.508873] VFS: Disk quotas dquot_6.6.0
[    1.510567] VFS: Dquot-cache hash table entries: 512 (order 0, 4096 bytes)
[    1.512915] squashfs: version 4.0 (2009/01/31) Phillip Lougher
[    1.516344] fuse init (API version 7.23)
[    1.517767] Key type big_key registered
[    1.518881] Allocating IMA MOK and blacklist keyrings.
[    1.522180] Key type asymmetric registered
[    1.523342] Asymmetric key parser 'x509' registered
[    1.525013] Block layer SCSI generic (bsg) driver version 0.4 loaded (major 249)
[    1.528364] io scheduler noop registered
[    1.530607] io scheduler deadline registered (default)
[    1.532720] io scheduler cfq registered
[    1.534322] pci_hotplug: PCI Hot Plug PCI Core version: 0.5
[    1.536090] pciehp: PCI Express Hot Plug Controller Driver version: 0.4
[    1.539259] ACPI: AC Adapter [AC] (on-line)
[    1.540662] input: Power Button as /devices/LNXSYSTM:00/LNXPWRBN:00/input/input0
[    1.542941] ACPI: Power Button [PWRF]
[    1.544353] input: Sleep Button as /devices/LNXSYSTM:00/LNXSLPBN:00/input/input1
[    1.546681] ACPI: Sleep Button [SLPF]
[    1.550124] GHES: HEST is not enabled!
[    1.551896] ACPI: Battery Slot [BAT0] (battery present)
[    1.554029] Serial: 8250/16550 driver, 32 ports, IRQ sharing enabled
[    1.577685] 00:02: ttyS0 at I/O 0x3f8 (irq = 4, base_baud = 115200) is a 16550A
[    1.584764] Linux agpgart interface v0.103
[    2.090086] loop: module loaded
[    2.092552] scsi host0: ata_piix
[    2.094287] scsi host1: ata_piix
[    2.095856] ata1: PATA max UDMA/33 cmd 0x1f0 ctl 0x3f6 bmdma 0xd000 irq 14
[    2.097959] ata2: PATA max UDMA/33 cmd 0x170 ctl 0x376 bmdma 0xd008 irq 15
[    2.101536] libphy: Fixed MDIO Bus: probed
[    2.102856] tun: Universal TUN/TAP device driver, 1.6
[    2.105503] tun: (C) 1999-2004 Max Krasnyansky <maxk@qualcomm.com>
[    2.107235] PPP generic driver version 2.4.2
[    2.108871] ehci_hcd: USB 2.0 'Enhanced' Host Controller (EHCI) Driver
[    2.110790] ehci-pci: EHCI PCI platform driver
[    2.112130] ehci-platform: EHCI generic platform driver
[    2.113895] ohci_hcd: USB 1.1 'Open' Host Controller (OHCI) Driver
[    2.117379] ohci-pci: OHCI PCI platform driver
[    2.119091] ohci-platform: OHCI generic platform driver
[    2.120628] uhci_hcd: USB Universal Host Controller Interface driver
[    2.122419] i8042: PNP: PS/2 Controller [PNP0303:PS2K,PNP0f03:PS2M] at 0x60,0x64 irq 1,12
[    2.125563] serio: i8042 KBD port at 0x60,0x64 irq 1
[    2.127332] serio: i8042 AUX port at 0x60,0x64 irq 12
[    2.129336] mousedev: PS/2 mouse device common for all mice
[    2.131461] rtc_cmos rtc_cmos: rtc core: registered rtc_cmos as rtc0
[    2.134825] rtc_cmos rtc_cmos: alarms up to one day, 114 bytes nvram
[    2.137038] i2c /dev entries driver
[    2.138709] input: AT Translated Set 2 keyboard as /devices/platform/i8042/serio0/input/input2
[    2.141518] device-mapper: uevent: version 1.0.3
[    2.143233] device-mapper: ioctl: 4.34.0-ioctl (2015-10-28) initialised: dm-devel@redhat.com
[    2.146478] ledtrig-cpu: registered to indicate activity on CPUs
[    2.151187] NET: Registered protocol family 10
[    2.153023] NET: Registered protocol family 17
[    2.154718] Key type dns_resolver registered
[    2.156410] registered taskstats version 1
[    2.157885] Loading compiled-in X.509 certificates
[    2.159919] Loaded X.509 cert 'Build time autogenerated kernel key: 9e5e2330314f2a00b0409bdb338e201244d5149f'
[    2.163103] zswap: loaded using pool lzo/zbud
[    2.168116] Key type trusted registered
[    2.174059] Key type encrypted registered
[    2.175316] AppArmor: AppArmor sha1 policy hashing enabled
[    2.176800] ima: No TPM chip found, activating TPM-bypass!
[    2.178607] ima: Allocated hash algorithm: sha1
[    2.180183] evm: HMAC attrs: 0x1
[    2.181930]   Magic number: 9:786:418
[    2.184667] rtc_cmos rtc_cmos: setting system clock to 2021-02-24 06:26:23 UTC (1614147983)
[    2.187933] BIOS EDD facility v0.16 2004-Jun-25, 0 devices found
[    2.189875] EDD information not available.
[    2.285691] Freeing unused kernel memory: 1492K
[    2.287514] Write protecting the kernel read-only data: 14336k
[    2.289939] Freeing unused kernel memory: 1588K
[    2.291387] Freeing unused kernel memory: 52K
Loading, please wait...
starting version 229
[    2.313691] random: systemd-udevd: uninitialized urandom read (16 bytes read, 3 bits of entropy available)
[    2.314609] random: udevadm: uninitialized urandom read (16 bytes read, 3 bits of entropy available)
[    2.314641] random: udevadm: uninitialized urandom read (16 bytes read, 3 bits of entropy available)
[    2.329119] random: udevadm: uninitialized urandom read (16 bytes read, 3 bits of entropy available)
[    2.329334] random: udevadm: uninitialized urandom read (16 bytes read, 3 bits of entropy available)
[    2.329941] random: udevadm: uninitialized urandom read (16 bytes read, 3 bits of entropy available)
[    2.330032] random: udevadm: uninitialized urandom read (16 bytes read, 3 bits of entropy available)
[    2.330121] random: udevadm: uninitialized urandom read (16 bytes read, 3 bits of entropy available)
[    2.330202] random: udevadm: uninitialized urandom read (16 bytes read, 3 bits of entropy available)
[    2.330286] random: udevadm: uninitialized urandom read (16 bytes read, 3 bits of entropy available)
[    2.490636] Fusion MPT base driver 3.04.20
[    2.492809] Copyright (c) 1999-2008 LSI Corporation
[    2.510454] e1000: Intel(R) PRO/1000 Network Driver - version 7.3.21-k8-NAPI
[    2.513465] e1000: Copyright (c) 1999-2006 Intel Corporation.
[    2.521156] Fusion MPT SPI Host driver 3.04.20
[    2.537709] mptbase: ioc0: Initiating bringup
[    2.544823] AVX2 version of gcm_enc/dec engaged.
[    2.547327] AES CTR mode by8 optimization enabled
[    2.610304] ioc0: LSI53C1030 A0: Capabilities={Initiator}
[    3.240345] input: ImExPS/2 Generic Explorer Mouse as /devices/platform/i8042/serio1/input/input4
[    4.488763] scsi host2: ioc0: LSI53C1030 A0, FwRev=00000000h, Ports=1, MaxQ=256, IRQ=20
[    5.498926] scsi 2:0:0:0: Direct-Access     VBOX     HARDDISK         1.0  PQ: 0 ANSI: 5
[    5.504549] scsi target2:0:0: Beginning Domain Validation
[    5.510006] scsi target2:0:0: Domain Validation skipping write tests
[    5.511666] scsi target2:0:0: Ending Domain Validation
[    5.513336] scsi target2:0:0: asynchronous
[    5.515532] scsi 2:0:1:0: Direct-Access     VBOX     HARDDISK         1.0  PQ: 0 ANSI: 5
[    5.519820] scsi target2:0:1: Beginning Domain Validation
[    5.525212] scsi target2:0:1: Domain Validation skipping write tests
[    5.527133] scsi target2:0:1: Ending Domain Validation
[    5.528897] scsi target2:0:1: asynchronous
[    5.549574] sd 2:0:0:0: Attached scsi generic sg0 type 0
[    5.550010] sd 2:0:0:0: [sda] 20971520 512-byte logical blocks: (10.7 GB/10.0 GiB)
[    5.550659] sd 2:0:0:0: [sda] Write Protect is off
[    5.551076] sd 2:0:0:0: [sda] Incomplete mode parameter data
[    5.551078] sd 2:0:0:0: [sda] Assuming drive cache: write through
[    5.559174]  sda: sda1
[    5.560625] sd 2:0:0:0: [sda] Attached SCSI disk
[    5.573116] sd 2:0:1:0: Attached scsi generic sg1 type 0
[    5.573419] sd 2:0:1:0: [sdb] 20480 512-byte logical blocks: (10.5 MB/10.0 MiB)
[    5.574016] sd 2:0:1:0: [sdb] Write Protect is off
[    5.574274] sd 2:0:1:0: [sdb] Incomplete mode parameter data
[    5.574276] sd 2:0:1:0: [sdb] Assuming drive cache: write through
[    5.577831] sd 2:0:1:0: [sdb] Attached SCSI disk
[    6.941495] e1000 0000:00:03.0 eth0: (PCI:33MHz:32-bit) 02:53:17:da:98:50
[    6.943727] e1000 0000:00:03.0 eth0: Intel(R) PRO/1000 Network Connection
[    6.947436] e1000 0000:00:03.0 enp0s3: renamed from eth0
Begin: Loading essential drivers ... [    8.847163] md: linear personality registered for level -1
[    8.852462] md: multipath personality registered for level -4
[    8.860168] md: raid0 personality registered for level 0
[    8.868276] md: raid1 personality registered for level 1
[    8.941608] raid6: sse2x1   gen()  8734 MB/s
[    9.010178] raid6: sse2x1   xor()  6517 MB/s
[    9.077806] raid6: sse2x2   gen()  9892 MB/s
[    9.146201] raid6: sse2x2   xor()  7232 MB/s
[    9.214325] raid6: sse2x4   gen() 12653 MB/s
[    9.281825] raid6: sse2x4   xor()  8487 MB/s
[    9.349963] raid6: avx2x1   gen() 15676 MB/s
[    9.417986] raid6: avx2x2   gen() 14792 MB/s
[    9.485857] raid6: avx2x4   gen()  7321 MB/s
[    9.495956] raid6: using algorithm avx2x1 gen() 15676 MB/s
[    9.510616] raid6: using avx2x2 recovery algorithm
[    9.519055] xor: automatically using best checksumming function:
[    9.561667]    avx       : 15709.000 MB/sec
[    9.566207] async_tx: api initialized (async)
[    9.598728] md: raid6 personality registered for level 6
[    9.600554] md: raid5 personality registered for level 5
[    9.602748] md: raid4 personality registered for level 4
[    9.619493] md: raid10 personality registered for level 10
done.
Begin: Running /scripts/init-premount ... done.
Begin: Mounting root file system ... Begin: Running /scripts/local-top ... done.
Begin: Running /scripts/local-premount ... [    9.664441] Btrfs loaded
Scanning for Btrfs filesystems
done.
Warning: fsck not present, so skipping root file system
[    9.725684] EXT4-fs (sda1): mounted filesystem with ordered data mode. Opts: (null)
done.
Begin: Running /scripts/local-bottom ... done.
Begin: Running /scripts/init-bottom ... done.
[   10.220871] systemd[1]: systemd 229 running in system mode. (+PAM +AUDIT +SELINUX +IMA +APPARMOR +SMACK +SYSVINIT +UTMP +LIBCRYPTSETUP +GCRYPT +GNUTLS +ACL +XZ -LZ4 +SECCOMP +BLKID +ELFUTILS +KMOD -IDN)
[   10.229143] systemd[1]: Detected virtualization oracle.
[   10.231003] systemd[1]: Detected architecture x86-64.

Welcome to [1mUbuntu 16.04.7 LTS[0m!

[   10.248305] systemd[1]: Set hostname to <myapp>.
[   10.478639] random: nonblocking pool is initialized
[   10.738850] systemd[1]: Started Forward Password Requests to Wall Directory Watch.
[[0;32m  OK  [0m] Started Forward Password Requests to Wall Directory Watch.
[   10.743482] systemd[1]: Started Trigger resolvconf update for networkd DNS.
[[0;32m  OK  [0m] Started Trigger resolvconf update for networkd DNS.
[   10.750364] systemd[1]: Listening on Journal Socket (/dev/log).
[[0;32m  OK  [0m] Listening on Journal Socket (/dev/log).
[   10.762533] systemd[1]: Reached target System Time Synchronized.
[[0;32m  OK  [0m] Reached target System Time Synchronized.
[   10.769559] systemd[1]: Listening on Device-mapper event daemon FIFOs.
[[0;32m  OK  [0m] Listening on Device-mapper event daemon FIFOs.
[   10.776084] systemd[1]: Listening on udev Kernel Socket.
[[0;32m  OK  [0m] Listening on udev Kernel Socket.
[   10.786608] systemd[1]: Created slice User and Session Slice.
[[0;32m  OK  [0m] Created slice User and Session Slice.
[   10.790927] systemd[1]: Listening on Journal Socket.
[[0;32m  OK  [0m] Listening on Journal Socket.
[   10.802545] systemd[1]: Set up automount Arbitrary Executable File Formats File System Automount Point.
[[0;32m  OK  [0m] Set up automount Arbitrary Executab...ats File System Automount Point.
[   10.810426] systemd[1]: Listening on udev Control Socket.
[[0;32m  OK  [0m] Listening on udev Control Socket.
[   10.822487] systemd[1]: Listening on LVM2 metadata daemon socket.
[[0;32m  OK  [0m] Listening on LVM2 metadata daemon socket.
[   10.834316] systemd[1]: Listening on /dev/initctl Compatibility Named Pipe.
[[0;32m  OK  [0m] Listening on /dev/initctl Compatibility Named Pipe.
[   10.840288] systemd[1]: Reached target User and Group Name Lookups.
[[0;32m  OK  [0m] Reached target User and Group Name Lookups.
[   10.848046] systemd[1]: Created slice System Slice.
[[0;32m  OK  [0m] Created slice System Slice.
[   10.862724] systemd[1]: Starting Set console keymap...
         Starting Set console keymap...
[   10.871140] systemd[1]: Mounting Huge Pages File System...
         Mounting Huge Pages File System...
[   10.876068] systemd[1]: Starting Nameserver information manager...
         Starting Nameserver information manager...
[   10.906144] systemd[1]: Starting Load Kernel Modules...
         Starting Load Kernel Modules...
[   10.911250] systemd[1]: Mounting Debug File System...
         Mounting Debug File System...
[   10.917052] systemd[1]: Reached target Slices.
[[0;32m  OK  [0m] Reached target Slices.
[   10.961861] systemd[1]: Mounting POSIX Message Queue File System...
         Mounting POSIX Message Queue File System...
[   10.972319] systemd[1]: Starting Uncomplicated firewall...
         Starting Uncomplicated firewall...
[   10.977201] systemd[1]: Starting Monitoring of LVM2 mirrors, snapshots etc. using dmeventd or progress polling...
[   10.990013] Loading iSCSI transport class v2.0-870.
         Starting Monitoring of LVM2 mirrors... dmeventd or progress polling...
[   10.997338] systemd[1]: Starting Remount Root and Kernel File Systems...
         Starting Remount Root and Kernel File Systems...
[   11.002565] systemd[1]: Reached target Encrypted Volumes.
[[0;32m  OK  [0m] Reached target Encrypted Volumes.
[   11.010392] systemd[1]: Starting Create list of required static device nodes for the current kernel...
[   11.011678] EXT4-fs (sda1): re-mounted. Opts: (null)
         Starting Create list of required st... nodes for the current kernel...
[   11.021884] systemd[1]: Listening on Syslog Socket.
[[0;32m  OK  [0m] Listening on Syslog Socket.
[   11.026343] systemd[1]: Created slice system-serial\x2dgetty.slice.
[[0;32m  OK  [0m[   11.034024] iscsi: registered transport (tcp)
] Created slice system-serial\x2dgetty.slice.
[   11.036478] systemd[1]: Listening on LVM2 poll daemon socket.
[[0;32m  OK  [0m] Listening on LVM2 poll daemon socket.
[   11.040974] systemd[1]: Reached target Swap.
[[0;32m  OK  [0m] Reached target Swap.
[   11.044254] systemd[1]: Listening on Journal Audit Socket.
[[0;32m  OK  [0m] Listening on Journal Audit Socket.
[   11.064928] systemd[1]: Starting Journal Service...
         Starting Journal Service...
[   11.072921] systemd[1]: Mounted Huge Pages File System.
[[0;32m  OK  [0m] Mounted Huge Pages File System.
[   11.076360] systemd[1]: Mounted Debug File System.
[[0;32m  OK  [0m] Mounted Debug File System.
[   11.091923] systemd[1]: Mounted POSIX Message Queue File System.
[[0;32m  OK  [0m] Mounted POSIX Message Queue File System.
[   11.102892] systemd[1]: Started Set console keymap.
[[0;32m  OK  [0m] Started Set console keymap.
[   11.118990] systemd[1]: Started Uncomplicated firewall.
[[0;32m  OK  [0m] Started Uncomplicated firewall.
[   11.123105] systemd[1]: Started Remount Root and Kernel File Systems.
[[0;32m  OK  [0m] Started Remount Root and Kernel File Systems.
[   11.129879] systemd[1]: Started Create list of required static device nodes for the current kernel.
[[0;32m  OK  [0m] Started Create list of required sta...ce nodes for the current kernel.
[   11.140710] systemd[1]: Started Nameserver information manager.
[[0;32m  OK  [0m] Started Nameserver information manager.
[   11.150981] systemd[1]: Started LVM2 metadata daemon.
[[0;32m  OK  [0m] Started LVM2 metadata daemon.
[   11.157309] iscsi: registered transport (iser)
[   11.157647] systemd[1]: Starting Create Static Device Nodes in /dev...
         Starting Create Static Device Nodes in /dev...
[   11.179440] systemd[1]: Starting Load/Save Random Seed...
         Starting Load/Save Random Seed...
[   11.222741] systemd[1]: Starting udev Coldplug all Devices...
         Starting udev Coldplug all Devices...
[   11.237920] systemd[1]: Started Journal Service.
[[0;32m  OK  [0m] Started Journal Service.
[[0;32m  OK  [0m] Started Load Kernel Modules.
[[0;32m  OK  [0m] Started Load/Save Random Seed.
         Mounting FUSE Control File System...
         Starting Apply Kernel Variables...
         Starting Flush Journal to Persistent Storage...
[[0;32m  OK  [0m] Mounted FUSE Control File System.
[[0;32m  OK  [0m] Started Create Static Device Nodes in /dev.
[[0;32m  OK  [0m] Started Apply Kernel Variables.
[[0;32m  OK  [0m] Started Monitoring of LVM2 mirrors,...ng dmeventd or progress polling.
[[0;32m  OK  [0m] Reached target Local File Systems (Pre).
[[0;32m  OK  [0m] Reached target Local File Systems.
         Starting LSB: AppArmor initialization...
         Starting Tell Plymouth To Write Out Runtime Data...
         Starting Set console font and keymap...
         Starting Initial cloud-init job (pre-networking)...
         Mounting /vagrant...
         Starting udev Kernel Device Manager...
[[0;32m  OK  [0m] Started udev Coldplug all Devices.
[[0;32m  OK  [0m] Started Tell Plymouth To Write Out Runtime Data.
[[0;1;31mFAILED[0m] Failed to mount /vagrant.
See 'systemctl status vagrant.mount' for details.
[[0;32m  OK  [0m] Started Flush Journal to Persistent Storage.
         Starting Create Volatile Files and Directories...
[[0;32m  OK  [0m] Started Create Volatile Files and Directories.
         Starting Update UTMP about System Boot/Shutdown...
[[0;32m  OK  [0m] Started udev Kernel Device Manager.
[[0;32m  OK  [0m] Started Dispatch Password Requests to Console Directory Watch.
[[0;32m  OK  [0m] Started Update UTMP about System Boot/Shutdown.
[[0;32m  OK  [0m] Found device /dev/ttyS0.
[[0;32m  OK  [0m] Started LSB: AppArmor initialization.
[[0;32m  OK  [0m] Listening on Load/Save RF Kill Switch Status /dev/rfkill Watch.
         Starting Load AppArmor profiles managed internally by snapd...
[[0;32m  OK  [0m] Started Load AppArmor profiles managed internally by snapd.
[[0;32m  OK  [0m] Found device 82540EM Gigabit Ethern...r (PRO/1000 MT Desktop Adapter).
[[0;32m  OK  [0m] Started Set console font and keymap.
[[0;32m  OK  [0m] Created slice system-getty.slice.
[   13.274775] cloud-init[493]: Cloud-init v. 20.4-0ubuntu1~16.04.2 running 'init-local' at Wed, 24 Feb 2021 06:26:34 +0000. Up 12.95 seconds.
[[0;32m  OK  [0m] Started Initial cloud-init job (pre-networking).
[[0;32m  OK  [0m] Reached target Network (Pre).
[[0;32m  OK  [0m] Started ifup for enp0s3.
         Starting Raise network interfaces...
[[0;1;31mFAILED[0m] Failed to start Raise network interfaces.
See 'systemctl status networking.service' for details.
         Starting Initial cloud-init job (metadata service crawler)...
[[0;32m  OK  [0m] Reached target Network.
[   14.432382] cloud-init[1028]: Cloud-init v. 20.4-0ubuntu1~16.04.2 running 'init' at Wed, 24 Feb 2021 06:26:35 +0000. Up 14.04 seconds.
[   14.437199] cloud-init[1028]: ci-info: ++++++++++++++++++++++++++++++++++++++Net device info++++++++++++++++++++++++++++++++++++++
[   14.440682] cloud-init[1028]: ci-info: +--------+------+----------------------------+---------------+--------+-------------------+
[   14.443863] cloud-init[1028]: ci-info: | Device |  Up  |          Address           |      Mask     | Scope  |     Hw-Address    |
[   14.447766] cloud-init[1028]: ci-info: +--------+------+----------------------------+---------------+--------+-------------------+
[   14.450784] cloud-init[1028]: ci-info: | enp0s3 | True |         10.0.2.15          | 255.255.255.0 | global | 02:53:17:da:98:50 |
[   14.454983] cloud-init[1028]: ci-info: | enp0s3 | True | fe80::53:17ff:feda:9850/64 |       .       |  link  | 02:53:17:da:98:50 |
[   14.458488] cloud-init[1028]: ci-info: |   lo   | True |         127.0.0.1          |   255.0.0.0   |  host  |         .         |
[   14.461973] cloud-init[1028]: ci-info: |   lo   | True |          ::1/128           |       .       |  host  |         .         |
[   14.465891] cloud-init[1028]: ci-info: +--------+------+----------------------------+---------------+--------+-------------------+
[   14.480566] [[0;32m  OK  [0m] Started Initial cloud-init job (metadata service crawler).
[[0;32m  OK  [0m] Reached target Cloud-config availability.
cloud-init[1028]: ci-info: +++++++++++++++++++++++++++Route IPv4 info++++++++++++++++++++++++++++
[   14.484387] cloud-init[1028]: ci-info: +-------+-------------+----------+---------------+-----------+-------+
[[0;32m  OK  [0m] Reached target Network is Online.
[   14.484774] cloud-init[1028]: ci-info: | Route | Destination | Gateway  |    Genmask    | Interface | Flags |
[   14.496606] cloud-init[1028]: ci-info: +-------+-------------+----------+---------------+-----------+-------+
[   14.508816]          Starting iSCSI initiator daemon (iscsid)...
[[0;32m  OK  [0m] Reached target System Initialization.
cloud-init[1028]: ci-info: |   0   |   0.0.0.0   | 10.0.2.2 |    0.0.0.0    |   enp0s3  |   UG  |
[   14.514252] [[0;32m  OK  [0m] Started ACPI Events Check.
[[0;32m  OK  [0m] Reached target Paths.
[[0;32m  OK  [0m] Listening on UUID daemon activation socket.
cloud-init[1028]: ci-info: |   1   |   10.0.2.0  | 0.0.0.0  | 255.255.255.0 |   enp0s3  |   U   |
[   14.528900]          Starting LXD - unix socket.
[[0;32m  OK  [0m] Listening on ACPID Listen Socket.
cloud-init[1028]: ci-info: +-------+-------------+----------+---------------+-----------+-------+
[[0;32m  OK  [0m] Started Daily apt download activities.
[[0;32m  OK  [0m] Started Daily apt upgrade and clean activities.
         Starting Socket activation for snappy daemon.
[[0;32m  OK  [0m] Listening on D-Bus System Message Bus Socket.
[   14.536250] cloud-init[1028]: ci-info: +++++++++++++++++++Route IPv6 info+++++++++++++++++++
[   14.544796]          Starting Docker Socket for the API.
[[0;32m  OK  [0m] Started Message of the Day.
[[0;32m  OK  [0m] Started Daily Cleanup of Temporary Directories.
[[0;32m  OK  [0m] Reached target Timers.
cloud-init[1028]: ci-info: +-------+-------------+---------+-----------+-------+
[   14.561348] cloud-init[1028]: ci-info: | Route | Destination | Gateway | Interface | Flags |
[   14.572831] [[0;32m  OK  [0m] Listening on LXD - unix socket.
[[0;32m  OK  [0m] Listening on Socket activation for snappy daemon.
[[0;32m  OK  [0m] Listening on Docker Socket for the API.
cloud-init[1028]: ci-info: +-------+-------------+---------+-----------+-------+
[[0;32m  OK  [0m] Reached target Sockets.
[   14.577131] cloud-init[1028]: ci-info: |   0   |  fe80::/64  |    ::   |   enp0s3  |   U   |
[[0;32m  OK  [0m] Reached target Basic System.
[   14.583077] cloud-init         Starting containerd container runtime...
[1028]: ci-info: |   3   |   ff00::/8  |    ::   |   enp0s3  |   U   |
[   14.588482]          cloud-initStarting LSB: MD monitoring daemon...[1028]: 
ci-info: +-------+-------------+---------+-----------+-------+
         Starting Login Service...
[[0;32m  OK  [0m] Started Regular background program processing daemon.
[[0;32m  OK  [0m] Started ACPI event daemon.
         Starting Virtualbox guest utils...
         Starting LSB: Record successful boot for GRUB...
         Starting /etc/rc.local Compatibility...
         Starting System Logging Service...
[[0;32m  OK  [0m] Started Deferred execution scheduler.
         Starting LXD - container startup/shutdown...
[[0;32m  OK  [0m] Started FUSE filesystem for LXC.
         Starting Accounts Service...
         Starting Snap Daemon...
[[0;32m  OK  [0m] Started D-Bus System Message Bus.
         Starting OpenBSD Secure Shell server...
[[0;32m  OK  [0m] Started System Logging Service.
[[0;32m  OK  [0m] Started iSCSI initiator daemon (iscsid).
[[0;32m  OK  [0m] Started /etc/rc.local Compatibility.
         Starting Login to default iSCSI targets...
[[0;32m  OK  [0m] Started Login Service.
         Starting Authenticate and Authorize Users to Run Privileged Tasks...
[[0;32m  OK  [0m] Started Unattended Upgrades Shutdown.
[[0;32m  OK  [0m] Started LSB: Record successful boot for GRUB.
[[0;32m  OK  [0m] Started LSB: MD monitoring daemon.
[[0;32m  OK  [0m] Started Login to default iSCSI targets.
[[0;32m  OK  [0m] Reached target Remote File Systems (Pre).
[[0;32m  OK  [0m] Reached target Remote File Systems.
         Starting LSB: daemon to balance interrupts for SMP systems...
         Starting LSB: automatic crash report generation...
         Starting Permit User Sessions...
         Starting LSB: Set the CPU Frequency Scaling governor to "ondemand"...
[[0;32m  OK  [0m] Started Authenticate and Authorize Users to Run Privileged Tasks.
[[0;32m  OK  [0m] Started Accounts Service.
[[0;32m  OK  [0m] Started LSB: Set the CPU Frequency Scaling governor to "ondemand".
[[0;32m  OK  [0m] Started Permit User Sessions.
         Starting Terminate Plymouth Boot Screen...
         Starting Hold until boot process finishes up...
[[0;32m  OK  [0m] Started LSB: daemon to balance interrupts for SMP systems.
[[0;32m  OK  [0m] Started Terminate Plymouth Boot Screen.
[[0;32m  OK  [0m] Started Hold until boot process finishes up.
[[0;32m  OK  [0m] Started Serial Getty on ttyS0.
         Starting Set console scheme...
[[0;32m  OK  [0m] Started Getty on tty1.
[[0;32m  OK  [0m] Reached target Login Prompts.
[[0;32m  OK  [0m] Started LSB: automatic crash report generation.
[[0;32m  OK  [0m] Started Set console scheme.
[[0;32m  OK  [0m] Started Virtualbox guest utils.
[[0;32m  OK  [0m] Started OpenBSD Secure Shell server.
[[0;32m  OK  [0m] Started LXD - container startup/shutdown.
[[0;32m  OK  [0m] Started Snap Daemon.
         Starting Wait until snapd is fully seeded...
[[0;32m  OK  [0m] Started Wait until snapd is fully seeded.
         Starting Apply the settings specified in cloud-config...
[   17.141637] cloud-init[1289]: Cloud-init v. 20.4-0ubuntu1~16.04.2 running 'modules:config' at Wed, 24 Feb 2021 06:26:38 +0000. Up 17.02 seconds.
[[0;32m  OK  [0m] Started containerd container runtime.
         Starting Docker Application Container Engine...
[[0;32m  OK  [0m] Started Apply the settings specified in cloud-config.
[[0;32m  OK  [0m] Started Docker Application Container Engine.
[[0;32m  OK  [0m] Reached target Multi-User System.
[[0;32m  OK  [0m] Reached target Graphical Interface.
         Starting Update UTMP about System Runlevel Changes...
         Starting Execute cloud user/final scripts...
[[0;32m  OK  [0m] Started Update UTMP about System Runlevel Changes.
[[0;32m  OK  [0m] Created slice User Slice of vagrant.
         Starting User Manager for UID 1000...
[[0;32m  OK  [0m] Started Session 1 of user vagrant.
[   19.599477] cloud-init[1502]: Cloud-init v. 20.4-0ubuntu1~16.04.2 running 'modules:final' at Wed, 24 Feb 2021 06:26:41 +0000. Up 19.41 seconds.
[   19.606031] cloud-init[1502]: Cloud-init v. 20.4-0ubuntu1~16.04.2 finished at Wed, 24 Feb 2021 06:26:41 +0000. Datasource DataSourceNoCloud [seed=/dev/sdb][dsmode=net].  Up 19.58 seconds
[[0;32m  OK  [0m] Started User Manager for UID 1000.
[[0;32m  OK  [0m] Started Execute cloud user/final scripts.
[[0;32m  OK  [0m] Reached target Cloud-init target.

Ubuntu 16.04.7 LTS myapp ttyS0

myapp login: 